2025-11-24 01:39:10 [main] INFO  newproject.Nosotros.NosotrosTest - ------------------Testing Started-------------
2025-11-24 01:39:10 [main] INFO  newproject.Nosotros.NosotrosTest - --------------Entered Data-------------
2025-11-24 01:40:10 [main] INFO  newproject.Nosotros.NosotrosTest - ------------------Testing Started-------------
2025-11-24 01:40:12 [main] INFO  newproject.Nosotros.NosotrosTest - --------------Entered Data-------------
2025-11-24 01:40:53 [main] INFO  newproject.Nosotros.NosotrosTest - ------------------Testing Started-------------
2025-11-24 01:40:55 [main] INFO  newproject.Nosotros.NosotrosTest - --------------Entered Data-------------
2025-11-24 01:42:01 [main] INFO  newproject.Nosotros.NosotrosTest - ------------------Testing Started-------------
2025-11-24 01:42:03 [main] INFO  newproject.Nosotros.NosotrosTest - --------------Entered Data-------------
2025-11-24 03:14:41 [main] INFO  newproject.Nosotros.NosotrosTest - ------------------Testing Started-------------
2025-11-24 03:14:42 [main] INFO  newproject.Nosotros.NosotrosTest - --------------Entered Data-------------
2025-11-24 03:16:43 [main] INFO  newproject.Nosotros.NosotrosTest - ------------------Testing Started-------------
2025-11-24 03:16:45 [main] INFO  newproject.Nosotros.NosotrosTest - --------------Entered Data-------------
2025-11-24 03:16:47 [main] INFO  newproject.Nosotros.NosotrosTest - ------------------Testing Started-------------
2025-11-24 03:18:06 [main] INFO  newproject.Nosotros.NosotrosTest - --------------Entered Data-------------
2025-11-24 03:19:33 [main] INFO  newproject.Nosotros.NosotrosTest - ------------------Testing Started-------------
2025-11-24 03:19:34 [main] INFO  newproject.Nosotros.NosotrosTest - --------------Entered Data-------------
2025-11-24 04:12:03 [main] INFO  newproject.Nosotros.NosotrosTest - ------------------Testing Started-------------
2025-11-24 04:12:42 [main] INFO  newproject.Nosotros.NosotrosTest - ------------------Testing Started-------------
2025-11-24 05:18:02 [main] INFO  newproject.Nosotros.NosotrosTest - ------------------Testing Started-------------
2025-11-24 05:18:03 [main] INFO  newproject.Nosotros.NosotrosTest - --------------Entered Data-------------
2025-11-24 05:38:28 [main] INFO  newproject.Nosotros.NosotrosTest - ------------------Testing Started-------------
2025-11-24 05:38:29 [main] INFO  newproject.Nosotros.NosotrosTest - --------------Entered Data-------------
2025-11-24 05:52:18 [main] INFO  newproject.Nosotros.NosotrosTest - ------------------Testing Started-------------
2025-11-24 05:52:19 [main] INFO  newproject.Nosotros.NosotrosTest - --------------Entered Data-------------
2025-11-24 05:59:45 [main] INFO  newproject.Nosotros.NosotrosTest - ------------------Testing Started-------------
2025-11-24 05:59:47 [main] INFO  newproject.Nosotros.NosotrosTest - --------------Entered Data-------------
2025-11-24 06:11:48 [main] INFO  newproject.Nosotros.NosotrosTest - ------------------Testing Started-------------
2025-11-24 06:11:48 [main] INFO  newproject.Nosotros.NosotrosTest - --------------Entered Data-------------
2025-11-24 06:20:27 [main] INFO  newproject.Nosotros.NosotrosTest - ------------------Testing Started-------------
2025-11-24 06:20:27 [main] INFO  newproject.Nosotros.NosotrosTest - --------------Entered Data-------------
2025-12-05 08:48:01 [main] INFO  newproject.Nosotros.NosotrosTest - ------------------Testing Started-------------
2025-12-05 08:48:01 [main] INFO  newproject.Nosotros.NosotrosTest - --------------Entered Data-------------
2025-12-05 08:48:06 [main] INFO  newproject.Nosotros.NosotrosTest - ------------------Testing Started-------------
2025-12-05 08:48:07 [main] INFO  newproject.Nosotros.NosotrosTest - --------------Entered Data-------------
2025-12-05 08:48:12 [main] INFO  newproject.Nosotros.NosotrosTest - ------------------Testing Started-------------
2025-12-05 08:48:13 [main] INFO  newproject.Nosotros.NosotrosTest - --------------Entered Data-------------
2025-12-05 08:48:17 [main] INFO  newproject.Nosotros.NosotrosTest - ------------------Testing Started-------------
2025-12-05 08:48:18 [main] INFO  newproject.Nosotros.NosotrosTest - --------------Entered Data-------------
2025-12-05 09:27:58 [main] INFO  newproject.Nosotros.NosotrosTest - ------------------Testing Started-------------
2025-12-05 09:27:59 [main] INFO  newproject.Nosotros.NosotrosTest - --------------Entered Data-------------
2025-12-05 09:28:04 [main] INFO  newproject.Nosotros.NosotrosTest - ------------------Testing Started-------------
2025-12-05 09:28:05 [main] INFO  newproject.Nosotros.NosotrosTest - --------------Entered Data-------------
2025-12-05 09:28:10 [main] INFO  newproject.Nosotros.NosotrosTest - ------------------Testing Started-------------
2025-12-05 09:28:11 [main] INFO  newproject.Nosotros.NosotrosTest - --------------Entered Data-------------
2025-12-05 09:28:17 [main] INFO  newproject.Nosotros.NosotrosTest - ------------------Testing Started-------------
2025-12-05 09:28:18 [main] INFO  newproject.Nosotros.NosotrosTest - --------------Entered Data-------------
2025-12-05 20:16:05 [main] INFO  newproject.Nosotros.NosotrosTest - ------------------Testing Started-------------
2025-12-05 20:16:11 [main] INFO  newproject.Nosotros.NosotrosTest - --------------Entered Data-------------
2025-12-05 20:16:40 [main] INFO  newproject.Nosotros.NosotrosTest - ------------------Testing Started-------------
2025-12-05 20:16:41 [main] INFO  newproject.Nosotros.NosotrosTest - ------------------Testing Started-------------
2025-12-05 20:16:52 [main] INFO  newproject.Nosotros.NosotrosTest - --------------Entered Data-------------
2025-12-05 20:17:13 [main] INFO  newproject.Nosotros.NosotrosTest - ------------------Testing Started-------------
2025-12-05 20:17:15 [main] INFO  newproject.Nosotros.NosotrosTest - --------------Entered Data-------------
2025-12-05 20:17:17 [main] INFO  newproject.Nosotros.NosotrosTest - --------------Entered Data-------------
2025-12-05 20:17:22 [main] INFO  newproject.Nosotros.NosotrosTest - ------------------Testing Started-------------
2025-12-05 20:17:42 [main] INFO  newproject.Nosotros.NosotrosTest - ------------------Testing Started-------------
2025-12-05 20:17:45 [main] INFO  newproject.Nosotros.NosotrosTest - --------------Entered Data-------------
2025-12-05 20:17:46 [main] INFO  newproject.Nosotros.NosotrosTest - --------------Entered Data-------------
2025-12-05 20:18:10 [main] INFO  newproject.Nosotros.NosotrosTest - ------------------Testing Started-------------
2025-12-05 20:18:14 [main] INFO  newproject.Nosotros.NosotrosTest - ------------------Testing Started-------------
2025-12-05 20:18:15 [main] INFO  newproject.Nosotros.NosotrosTest - --------------Entered Data-------------
2025-12-05 20:18:22 [main] INFO  newproject.Nosotros.NosotrosTest - --------------Entered Data-------------
2025-12-05 20:48:30 [main] INFO  newproject.Nosotros.NosotrosTest - ------------------Testing Started-------------
2025-12-05 20:48:33 [main] INFO  newproject.Nosotros.NosotrosTest - --------------Entered Data-------------
2025-12-05 20:48:44 [main] ERROR newproject.Nosotros.NosotrosTest - Login failed for user: tests1
2025-12-05 20:49:01 [main] INFO  newproject.Nosotros.NosotrosTest - ------------------Testing Started-------------
2025-12-05 20:49:05 [main] INFO  newproject.Nosotros.NosotrosTest - --------------Entered Data-------------
2025-12-05 20:49:16 [main] INFO  newproject.Nosotros.NosotrosTest - ------------------Testing Started-------------
2025-12-05 20:49:24 [main] INFO  newproject.Nosotros.NosotrosTest - Login successful for user: tests1
2025-12-05 20:49:36 [main] INFO  newproject.Nosotros.NosotrosTest - --------------Entered Data-------------
2025-12-05 20:49:47 [main] INFO  newproject.Nosotros.NosotrosTest - ------------------Testing Started-------------
2025-12-05 20:49:51 [main] INFO  newproject.Nosotros.NosotrosTest - --------------Entered Data-------------
2025-12-05 20:50:16 [main] INFO  newproject.Nosotros.NosotrosTest - Login failed as expected for user: tests12
2025-12-05 20:50:31 [main] INFO  newproject.Nosotros.NosotrosTest - Login failed as expected for user: tests12
2025-12-05 20:50:37 [main] INFO  newproject.Nosotros.NosotrosTest - ------------------Testing Started-------------
2025-12-05 20:50:49 [main] INFO  newproject.Nosotros.NosotrosTest - --------------Entered Data-------------
2025-12-05 20:50:57 [main] INFO  newproject.Nosotros.NosotrosTest - ------------------Testing Started-------------
2025-12-05 20:51:04 [main] INFO  newproject.Nosotros.NosotrosTest - --------------Entered Data-------------
2025-12-05 20:51:29 [main] INFO  newproject.Nosotros.NosotrosTest - Login failed as expected for user: tests1
2025-12-05 20:51:37 [main] INFO  newproject.Nosotros.NosotrosTest - ------------------Testing Started-------------
2025-12-05 20:51:44 [main] INFO  newproject.Nosotros.NosotrosTest - Login failed as expected for user: tests1
2025-12-05 20:51:48 [main] INFO  newproject.Nosotros.NosotrosTest - ------------------Testing Started-------------
2025-12-05 20:52:21 [main] INFO  newproject.Nosotros.NosotrosTest - --------------Entered Data-------------
2025-12-05 20:52:31 [main] INFO  newproject.Nosotros.NosotrosTest - --------------Entered Data-------------
2025-12-05 20:53:01 [main] INFO  newproject.Nosotros.NosotrosTest - Login failed as expected for user: tests12
2025-12-05 20:53:11 [main] INFO  newproject.Nosotros.NosotrosTest - Login failed as expected for user: tests12
2025-12-06 14:20:30 [main] INFO  newproject.Nosotros.NosotrosLogin - ------------------Testing Started-------------
2025-12-06 14:20:33 [main] INFO  newproject.Nosotros.NosotrosLogin - --------------Entered Data-------------
2025-12-06 14:20:50 [main] ERROR newproject.Nosotros.NosotrosLogin - Login failed for user: tests1
2025-12-06 14:21:27 [main] INFO  newproject.Nosotros.NosotrosLogin - ------------------Testing Started-------------
2025-12-06 14:21:31 [main] INFO  newproject.Nosotros.NosotrosLogin - --------------Entered Data-------------
2025-12-06 14:22:12 [main] INFO  newproject.Nosotros.NosotrosLogin - Login failed as expected for user: tests12
2025-12-06 14:22:16 [main] INFO  newproject.Nosotros.NosotrosLogin - ------------------Testing Started-------------
2025-12-06 14:22:49 [main] INFO  newproject.Nosotros.NosotrosLogin - --------------Entered Data-------------
2025-12-06 14:23:30 [main] INFO  newproject.Nosotros.NosotrosLogin - Login failed as expected for user: tests1
2025-12-06 14:23:35 [main] INFO  newproject.Nosotros.NosotrosLogin - ------------------Testing Started-------------
2025-12-06 14:23:57 [main] INFO  newproject.Nosotros.NosotrosLogin - --------------Entered Data-------------
2025-12-06 14:24:38 [main] INFO  newproject.Nosotros.NosotrosLogin - Login failed as expected for user: tests12
2025-12-06 14:31:44 [main] INFO  newproject.Nosotros.NosotrosLogin - ------------------Testing Started-------------
2025-12-06 14:31:48 [main] INFO  newproject.Nosotros.NosotrosLogin - --------------Entered Data-------------
2025-12-06 14:32:04 [main] ERROR newproject.Nosotros.NosotrosLogin - Login failed for user: tests1
2025-12-06 14:32:35 [main] INFO  newproject.Nosotros.NosotrosLogin - ------------------Testing Started-------------
2025-12-06 14:32:38 [main] INFO  newproject.Nosotros.NosotrosLogin - --------------Entered Data-------------
2025-12-06 14:33:20 [main] INFO  newproject.Nosotros.NosotrosLogin - Login failed as expected for user: tests12
2025-12-06 14:33:51 [main] INFO  newproject.Nosotros.NosotrosLogin - ------------------Testing Started-------------
2025-12-06 14:33:53 [main] INFO  newproject.Nosotros.NosotrosLogin - --------------Entered Data-------------
2025-12-06 14:34:34 [main] INFO  newproject.Nosotros.NosotrosLogin - Login failed as expected for user: tests1
2025-12-06 14:34:39 [main] INFO  newproject.Nosotros.NosotrosLogin - ------------------Testing Started-------------
2025-12-06 14:42:58 [main] INFO  newproject.Nosotros.NosotrosLogin - ------------------Testing Started-------------
2025-12-06 14:43:01 [main] INFO  newproject.Nosotros.NosotrosLogin - --------------Entered Data-------------
2025-12-06 14:43:22 [main] INFO  newproject.Nosotros.NosotrosLogin - Login successful for user: tests1
2025-12-06 14:43:55 [main] INFO  newproject.Nosotros.NosotrosLogin - ------------------Testing Started-------------
2025-12-06 14:43:58 [main] INFO  newproject.Nosotros.NosotrosLogin - --------------Entered Data-------------
2025-12-06 14:44:39 [main] INFO  newproject.Nosotros.NosotrosLogin - Login failed as expected for user: tests12
2025-12-06 14:47:18 [main] INFO  newproject.Nosotros.NosotrosLogin - ------------------Testing Started-------------
2025-12-06 14:47:23 [main] INFO  newproject.Nosotros.NosotrosLogin - --------------Entered Data-------------
2025-12-06 14:48:04 [main] INFO  newproject.Nosotros.NosotrosLogin - Login failed as expected for user: tests1
2025-12-06 14:50:30 [main] INFO  newproject.Nosotros.NosotrosLogin - ------------------Testing Started-------------
